mode: atomic
github.com/nvidia/kgwe/src/discovery/discovery.go:143.29,149.2 1 0
github.com/nvidia/kgwe/src/discovery/discovery.go:152.119,153.48 1 0
github.com/nvidia/kgwe/src/discovery/discovery.go:153.48,155.3 1 0
github.com/nvidia/kgwe/src/discovery/discovery.go:157.2,166.8 1 0
github.com/nvidia/kgwe/src/discovery/discovery.go:170.61,172.47 1 0
github.com/nvidia/kgwe/src/discovery/discovery.go:172.47,174.3 1 0
github.com/nvidia/kgwe/src/discovery/discovery.go:177.2,182.12 3 0
github.com/nvidia/kgwe/src/discovery/discovery.go:186.41,189.2 2 0
github.com/nvidia/kgwe/src/discovery/discovery.go:192.66,196.2 3 0
github.com/nvidia/kgwe/src/discovery/discovery.go:199.83,204.2 4 0
github.com/nvidia/kgwe/src/discovery/discovery.go:207.74,211.47 3 0
github.com/nvidia/kgwe/src/discovery/discovery.go:211.47,212.33 1 0
github.com/nvidia/kgwe/src/discovery/discovery.go:212.33,213.24 1 0
github.com/nvidia/kgwe/src/discovery/discovery.go:213.24,215.5 1 0
github.com/nvidia/kgwe/src/discovery/discovery.go:218.2,218.60 1 0
github.com/nvidia/kgwe/src/discovery/discovery.go:222.88,231.54 4 0
github.com/nvidia/kgwe/src/discovery/discovery.go:231.54,233.25 2 0
github.com/nvidia/kgwe/src/discovery/discovery.go:233.25,238.4 4 0
github.com/nvidia/kgwe/src/discovery/discovery.go:241.2,241.21 1 0
github.com/nvidia/kgwe/src/discovery/discovery.go:241.21,243.3 1 0
github.com/nvidia/kgwe/src/discovery/discovery.go:245.2,246.18 2 0
github.com/nvidia/kgwe/src/discovery/discovery.go:290.71,295.16 4 0
github.com/nvidia/kgwe/src/discovery/discovery.go:295.16,297.3 1 0
github.com/nvidia/kgwe/src/discovery/discovery.go:299.2,304.33 2 0
github.com/nvidia/kgwe/src/discovery/discovery.go:304.33,306.17 2 0
github.com/nvidia/kgwe/src/discovery/discovery.go:306.17,308.12 1 0
github.com/nvidia/kgwe/src/discovery/discovery.go:310.3,312.41 3 0
github.com/nvidia/kgwe/src/discovery/discovery.go:312.41,314.4 1 0
github.com/nvidia/kgwe/src/discovery/discovery.go:317.2,318.12 2 0
github.com/nvidia/kgwe/src/discovery/discovery.go:322.110,324.16 2 0
github.com/nvidia/kgwe/src/discovery/discovery.go:324.16,326.3 1 0
github.com/nvidia/kgwe/src/discovery/discovery.go:328.2,333.35 2 0
github.com/nvidia/kgwe/src/discovery/discovery.go:333.35,335.17 2 0
github.com/nvidia/kgwe/src/discovery/discovery.go:335.17,336.12 1 0
github.com/nvidia/kgwe/src/discovery/discovery.go:338.3,342.17 3 0
github.com/nvidia/kgwe/src/discovery/discovery.go:342.17,344.4 1 0
github.com/nvidia/kgwe/src/discovery/discovery.go:347.3,348.17 2 0
github.com/nvidia/kgwe/src/discovery/discovery.go:348.17,350.4 1 0
github.com/nvidia/kgwe/src/discovery/discovery.go:353.3,354.17 2 0
github.com/nvidia/kgwe/src/discovery/discovery.go:354.17,356.4 1 0
github.com/nvidia/kgwe/src/discovery/discovery.go:359.3,360.17 2 0
github.com/nvidia/kgwe/src/discovery/discovery.go:360.17,362.4 1 0
github.com/nvidia/kgwe/src/discovery/discovery.go:364.3,365.37 2 0
github.com/nvidia/kgwe/src/discovery/discovery.go:369.2,370.16 2 0
github.com/nvidia/kgwe/src/discovery/discovery.go:370.16,372.3 1 0
github.com/nvidia/kgwe/src/discovery/discovery.go:374.2,374.18 1 0
github.com/nvidia/kgwe/src/discovery/discovery.go:378.110,380.36 2 0
github.com/nvidia/kgwe/src/discovery/discovery.go:380.36,382.3 1 0
github.com/nvidia/kgwe/src/discovery/discovery.go:385.2,386.36 2 0
github.com/nvidia/kgwe/src/discovery/discovery.go:386.36,388.31 2 0
github.com/nvidia/kgwe/src/discovery/discovery.go:388.31,390.4 1 0
github.com/nvidia/kgwe/src/discovery/discovery.go:393.2,393.35 1 0
github.com/nvidia/kgwe/src/discovery/discovery.go:393.35,395.3 1 0
github.com/nvidia/kgwe/src/discovery/discovery.go:398.2,402.39 3 0
github.com/nvidia/kgwe/src/discovery/discovery.go:402.39,405.28 2 0
github.com/nvidia/kgwe/src/discovery/discovery.go:405.28,408.4 2 0
github.com/nvidia/kgwe/src/discovery/discovery.go:411.2,411.28 1 0
github.com/nvidia/kgwe/src/discovery/discovery.go:411.28,412.59 1 0
github.com/nvidia/kgwe/src/discovery/discovery.go:412.59,414.4 1 0
github.com/nvidia/kgwe/src/discovery/discovery.go:418.2,418.63 1 0
github.com/nvidia/kgwe/src/discovery/discovery.go:418.63,420.3 1 0
github.com/nvidia/kgwe/src/discovery/discovery.go:423.2,423.28 1 0
github.com/nvidia/kgwe/src/discovery/discovery.go:423.28,424.37 1 0
github.com/nvidia/kgwe/src/discovery/discovery.go:424.37,425.34 1 0
github.com/nvidia/kgwe/src/discovery/discovery.go:425.34,426.65 1 0
github.com/nvidia/kgwe/src/discovery/discovery.go:426.65,428.6 1 0
github.com/nvidia/kgwe/src/discovery/discovery.go:433.2,433.28 1 0
github.com/nvidia/kgwe/src/discovery/discovery.go:437.78,439.32 2 0
github.com/nvidia/kgwe/src/discovery/discovery.go:439.32,441.47 1 0
github.com/nvidia/kgwe/src/discovery/discovery.go:441.47,442.53 1 0
github.com/nvidia/kgwe/src/discovery/discovery.go:442.53,444.57 1 0
github.com/nvidia/kgwe/src/discovery/discovery.go:444.57,445.21 1 0
github.com/nvidia/kgwe/src/discovery/discovery.go:445.21,447.12 2 0
github.com/nvidia/kgwe/src/discovery/discovery.go:450.10,452.40 1 0
github.com/nvidia/kgwe/src/discovery/discovery.go:452.40,454.6 1 0
github.com/nvidia/kgwe/src/discovery/discovery.go:458.2,458.18 1 0
github.com/nvidia/kgwe/src/discovery/discovery.go:462.85,466.27 2 0
github.com/nvidia/kgwe/src/discovery/discovery.go:466.27,468.56 2 0
github.com/nvidia/kgwe/src/discovery/discovery.go:468.56,469.26 1 0
github.com/nvidia/kgwe/src/discovery/discovery.go:469.26,470.10 1 0
github.com/nvidia/kgwe/src/discovery/discovery.go:473.4,473.30 1 0
github.com/nvidia/kgwe/src/discovery/discovery.go:473.30,474.30 1 0
github.com/nvidia/kgwe/src/discovery/discovery.go:474.30,476.11 2 0
github.com/nvidia/kgwe/src/discovery/discovery.go:480.3,480.25 1 0
github.com/nvidia/kgwe/src/discovery/discovery.go:480.25,482.4 1 0
github.com/nvidia/kgwe/src/discovery/discovery.go:485.2,485.15 1 0
github.com/nvidia/kgwe/src/discovery/discovery.go:489.83,491.29 2 0
github.com/nvidia/kgwe/src/discovery/discovery.go:491.29,492.33 1 0
github.com/nvidia/kgwe/src/discovery/discovery.go:492.33,493.24 1 0
github.com/nvidia/kgwe/src/discovery/discovery.go:493.24,494.23 1 0
github.com/nvidia/kgwe/src/discovery/discovery.go:494.23,496.6 1 0
github.com/nvidia/kgwe/src/discovery/discovery.go:496.11,496.49 1 0
github.com/nvidia/kgwe/src/discovery/discovery.go:496.49,498.6 1 0
github.com/nvidia/kgwe/src/discovery/discovery.go:502.2,502.13 1 0
github.com/nvidia/kgwe/src/discovery/discovery.go:506.90,507.20 1 0
github.com/nvidia/kgwe/src/discovery/discovery.go:507.20,509.3 1 0
github.com/nvidia/kgwe/src/discovery/discovery.go:511.2,514.30 3 0
github.com/nvidia/kgwe/src/discovery/discovery.go:514.30,515.31 1 0
github.com/nvidia/kgwe/src/discovery/discovery.go:515.31,516.14 1 0
github.com/nvidia/kgwe/src/discovery/discovery.go:516.14,517.13 1 0
github.com/nvidia/kgwe/src/discovery/discovery.go:520.4,520.34 1 0
github.com/nvidia/kgwe/src/discovery/discovery.go:520.34,521.26 1 0
github.com/nvidia/kgwe/src/discovery/discovery.go:521.26,522.65 1 0
github.com/nvidia/kgwe/src/discovery/discovery.go:522.65,524.7 1 0
github.com/nvidia/kgwe/src/discovery/discovery.go:524.12,527.7 1 0
github.com/nvidia/kgwe/src/discovery/discovery.go:528.6,529.11 2 0
github.com/nvidia/kgwe/src/discovery/discovery.go:535.2,535.16 1 0
github.com/nvidia/kgwe/src/discovery/discovery.go:535.16,537.3 1 0
github.com/nvidia/kgwe/src/discovery/discovery.go:538.2,538.40 1 0
github.com/nvidia/kgwe/src/discovery/discovery.go:542.74,545.22 2 0
github.com/nvidia/kgwe/src/discovery/discovery.go:545.22,547.3 1 0
github.com/nvidia/kgwe/src/discovery/discovery.go:547.8,547.29 1 0
github.com/nvidia/kgwe/src/discovery/discovery.go:547.29,549.3 1 0
github.com/nvidia/kgwe/src/discovery/discovery.go:549.8,551.3 1 0
github.com/nvidia/kgwe/src/discovery/discovery.go:553.2,553.34 1 0
github.com/nvidia/kgwe/src/discovery/discovery.go:553.34,555.3 1 0
github.com/nvidia/kgwe/src/discovery/discovery.go:557.2,557.16 1 0
github.com/nvidia/kgwe/src/discovery/discovery.go:561.61,565.6 3 0
github.com/nvidia/kgwe/src/discovery/discovery.go:565.6,566.10 1 0
github.com/nvidia/kgwe/src/discovery/discovery.go:567.19,568.49 1 0
github.com/nvidia/kgwe/src/discovery/discovery.go:568.50,570.5 0 0
github.com/nvidia/kgwe/src/discovery/discovery.go:571.21,572.10 1 0
github.com/nvidia/kgwe/src/discovery/discovery.go:573.21,574.10 1 0
github.com/nvidia/kgwe/src/discovery/discovery.go:580.60,582.16 2 0
github.com/nvidia/kgwe/src/discovery/discovery.go:582.16,584.3 1 0
github.com/nvidia/kgwe/src/discovery/discovery.go:586.2,586.6 1 0
github.com/nvidia/kgwe/src/discovery/discovery.go:586.6,587.10 1 0
github.com/nvidia/kgwe/src/discovery/discovery.go:588.26,589.22 1 0
github.com/nvidia/kgwe/src/discovery/discovery.go:590.29,596.6 2 0
github.com/nvidia/kgwe/src/discovery/discovery.go:597.19,605.6 4 0
github.com/nvidia/kgwe/src/discovery/discovery.go:607.21,608.10 1 0
github.com/nvidia/kgwe/src/discovery/discovery.go:609.21,610.10 1 0
github.com/nvidia/kgwe/src/discovery/discovery.go:616.58,618.2 1 0
github.com/nvidia/kgwe/src/api/cost_engine.go:60.49,69.2 1 0
github.com/nvidia/kgwe/src/api/cost_engine.go:283.92,297.2 3 0
github.com/nvidia/kgwe/src/api/cost_engine.go:300.43,347.2 3 0
github.com/nvidia/kgwe/src/api/cost_engine.go:359.25,379.2 5 0
github.com/nvidia/kgwe/src/api/cost_engine.go:385.9,390.30 4 0
github.com/nvidia/kgwe/src/api/cost_engine.go:390.30,392.3 1 0
github.com/nvidia/kgwe/src/api/cost_engine.go:395.2,396.27 2 0
github.com/nvidia/kgwe/src/api/cost_engine.go:396.27,398.3 1 0
github.com/nvidia/kgwe/src/api/cost_engine.go:400.2,401.12 2 0
github.com/nvidia/kgwe/src/api/cost_engine.go:405.78,410.30 4 0
github.com/nvidia/kgwe/src/api/cost_engine.go:410.30,412.3 1 0
github.com/nvidia/kgwe/src/api/cost_engine.go:414.2,415.27 2 0
github.com/nvidia/kgwe/src/api/cost_engine.go:415.27,417.3 1 0
github.com/nvidia/kgwe/src/api/cost_engine.go:419.2,431.31 7 0
github.com/nvidia/kgwe/src/api/cost_engine.go:431.31,438.3 1 0
github.com/nvidia/kgwe/src/api/cost_engine.go:440.2,440.20 1 0
github.com/nvidia/kgwe/src/api/cost_engine.go:444.68,446.9 2 0
github.com/nvidia/kgwe/src/api/cost_engine.go:446.9,449.3 1 0
github.com/nvidia/kgwe/src/api/cost_engine.go:451.2,454.29 2 0
github.com/nvidia/kgwe/src/api/cost_engine.go:454.29,455.63 1 0
github.com/nvidia/kgwe/src/api/cost_engine.go:455.63,457.4 1 0
github.com/nvidia/kgwe/src/api/cost_engine.go:457.9,459.4 1 0
github.com/nvidia/kgwe/src/api/cost_engine.go:460.8,462.29 1 0
github.com/nvidia/kgwe/src/api/cost_engine.go:463.24,464.41 1 0
github.com/nvidia/kgwe/src/api/cost_engine.go:465.28,466.45 1 0
github.com/nvidia/kgwe/src/api/cost_engine.go:467.11,468.45 1 0
github.com/nvidia/kgwe/src/api/cost_engine.go:472.2,473.54 2 0
github.com/nvidia/kgwe/src/api/cost_engine.go:477.73,481.33 2 0
github.com/nvidia/kgwe/src/api/cost_engine.go:481.33,483.3 1 0
github.com/nvidia/kgwe/src/api/cost_engine.go:486.2,490.21 3 0
github.com/nvidia/kgwe/src/api/cost_engine.go:490.21,494.3 1 0
github.com/nvidia/kgwe/src/api/cost_engine.go:497.2,497.18 1 0
github.com/nvidia/kgwe/src/api/cost_engine.go:497.18,499.3 1 0
github.com/nvidia/kgwe/src/api/cost_engine.go:501.2,501.38 1 0
github.com/nvidia/kgwe/src/api/cost_engine.go:505.61,506.35 1 0
github.com/nvidia/kgwe/src/api/cost_engine.go:506.35,507.38 1 0
github.com/nvidia/kgwe/src/api/cost_engine.go:507.38,510.4 2 0
github.com/nvidia/kgwe/src/api/cost_engine.go:515.78,516.22 1 0
github.com/nvidia/kgwe/src/api/cost_engine.go:517.28,518.44 1 0
github.com/nvidia/kgwe/src/api/cost_engine.go:519.23,520.41 1 0
github.com/nvidia/kgwe/src/api/cost_engine.go:521.10,522.15 1 0
github.com/nvidia/kgwe/src/api/cost_engine.go:527.56,528.27 1 0
github.com/nvidia/kgwe/src/api/cost_engine.go:528.27,530.3 1 0
github.com/nvidia/kgwe/src/api/cost_engine.go:532.2,534.53 2 0
github.com/nvidia/kgwe/src/api/cost_engine.go:534.53,535.30 1 0
github.com/nvidia/kgwe/src/api/cost_engine.go:535.30,538.35 2 0
github.com/nvidia/kgwe/src/api/cost_engine.go:538.35,539.75 1 0
github.com/nvidia/kgwe/src/api/cost_engine.go:539.75,541.11 2 0
github.com/nvidia/kgwe/src/api/cost_engine.go:545.4,545.15 1 0
github.com/nvidia/kgwe/src/api/cost_engine.go:545.15,547.25 2 0
github.com/nvidia/kgwe/src/api/cost_engine.go:547.25,549.6 1 0
github.com/nvidia/kgwe/src/api/cost_engine.go:549.11,549.33 1 0
github.com/nvidia/kgwe/src/api/cost_engine.go:549.33,551.6 1 0
github.com/nvidia/kgwe/src/api/cost_engine.go:553.5,561.7 1 0
github.com/nvidia/kgwe/src/api/cost_engine.go:568.57,572.21 3 0
github.com/nvidia/kgwe/src/api/cost_engine.go:572.21,574.3 1 0
github.com/nvidia/kgwe/src/api/cost_engine.go:576.2,580.12 4 0
github.com/nvidia/kgwe/src/api/cost_engine.go:584.65,589.2 4 0
github.com/nvidia/kgwe/src/api/cost_engine.go:596.16,611.41 4 0
github.com/nvidia/kgwe/src/api/cost_engine.go:611.41,612.34 1 0
github.com/nvidia/kgwe/src/api/cost_engine.go:612.34,613.48 1 0
github.com/nvidia/kgwe/src/api/cost_engine.go:613.48,614.13 1 0
github.com/nvidia/kgwe/src/api/cost_engine.go:616.4,616.92 1 0
github.com/nvidia/kgwe/src/api/cost_engine.go:616.92,617.13 1 0
github.com/nvidia/kgwe/src/api/cost_engine.go:620.4,629.62 7 0
github.com/nvidia/kgwe/src/api/cost_engine.go:633.2,633.29 1 0
github.com/nvidia/kgwe/src/api/cost_engine.go:633.29,636.3 2 0
github.com/nvidia/kgwe/src/api/cost_engine.go:638.2,638.16 1 0
github.com/nvidia/kgwe/src/api/cost_engine.go:642.97,643.15 1 0
github.com/nvidia/kgwe/src/api/cost_engine.go:644.28,645.37 1 0
github.com/nvidia/kgwe/src/api/cost_engine.go:646.23,647.34 1 0
github.com/nvidia/kgwe/src/api/cost_engine.go:648.26,649.14 1 0
github.com/nvidia/kgwe/src/api/cost_engine.go:650.10,651.15 1 0
github.com/nvidia/kgwe/src/api/cost_engine.go:677.32,686.41 5 0
github.com/nvidia/kgwe/src/api/cost_engine.go:686.41,687.34 1 0
github.com/nvidia/kgwe/src/api/cost_engine.go:687.34,688.48 1 0
github.com/nvidia/kgwe/src/api/cost_engine.go:688.48,689.13 1 0
github.com/nvidia/kgwe/src/api/cost_engine.go:692.4,693.11 2 0
github.com/nvidia/kgwe/src/api/cost_engine.go:693.11,698.5 2 0
github.com/nvidia/kgwe/src/api/cost_engine.go:700.4,707.42 7 0
github.com/nvidia/kgwe/src/api/cost_engine.go:712.2,712.38 1 0
github.com/nvidia/kgwe/src/api/cost_engine.go:712.38,714.82 1 0
github.com/nvidia/kgwe/src/api/cost_engine.go:714.82,716.22 2 0
github.com/nvidia/kgwe/src/api/cost_engine.go:716.22,719.21 2 0
github.com/nvidia/kgwe/src/api/cost_engine.go:719.21,729.6 1 0
github.com/nvidia/kgwe/src/api/cost_engine.go:734.3,734.62 1 0
github.com/nvidia/kgwe/src/api/cost_engine.go:734.62,746.4 2 0
github.com/nvidia/kgwe/src/api/cost_engine.go:749.3,749.57 1 0
github.com/nvidia/kgwe/src/api/cost_engine.go:749.57,760.4 1 0
github.com/nvidia/kgwe/src/api/cost_engine.go:764.2,764.50 1 0
github.com/nvidia/kgwe/src/api/cost_engine.go:764.50,766.3 1 0
github.com/nvidia/kgwe/src/api/cost_engine.go:768.2,768.24 1 0
github.com/nvidia/kgwe/src/api/cost_engine.go:805.49,812.2 5 0
github.com/nvidia/kgwe/src/api/cost_engine.go:815.81,819.33 3 0
github.com/nvidia/kgwe/src/api/cost_engine.go:819.33,820.72 1 0
github.com/nvidia/kgwe/src/api/cost_engine.go:820.72,823.4 2 0
github.com/nvidia/kgwe/src/api/cost_engine.go:825.2,825.38 1 0
github.com/nvidia/kgwe/src/api/cost_engine.go:832.21,848.41 5 0
github.com/nvidia/kgwe/src/api/cost_engine.go:848.41,849.34 1 0
github.com/nvidia/kgwe/src/api/cost_engine.go:849.34,850.92 1 0
github.com/nvidia/kgwe/src/api/cost_engine.go:850.92,851.13 1 0
github.com/nvidia/kgwe/src/api/cost_engine.go:854.4,855.19 2 0
github.com/nvidia/kgwe/src/api/cost_engine.go:856.30,857.31 1 0
github.com/nvidia/kgwe/src/api/cost_engine.go:858.25,859.28 1 0
github.com/nvidia/kgwe/src/api/cost_engine.go:860.12,861.24 1 0
github.com/nvidia/kgwe/src/api/cost_engine.go:864.4,865.11 2 0
github.com/nvidia/kgwe/src/api/cost_engine.go:865.11,870.5 2 0
github.com/nvidia/kgwe/src/api/cost_engine.go:872.4,874.24 3 0
github.com/nvidia/kgwe/src/api/cost_engine.go:878.2,878.30 1 0
github.com/nvidia/kgwe/src/api/cost_engine.go:878.30,879.24 1 0
github.com/nvidia/kgwe/src/api/cost_engine.go:879.24,881.4 1 0
github.com/nvidia/kgwe/src/api/cost_engine.go:882.3,883.37 2 0
github.com/nvidia/kgwe/src/api/cost_engine.go:887.2,887.51 1 0
github.com/nvidia/kgwe/src/api/cost_engine.go:887.51,889.3 1 0
github.com/nvidia/kgwe/src/api/cost_engine.go:891.2,891.15 1 0
github.com/nvidia/kgwe/src/monitoring/prometheus_exporter.go:57.45,66.2 1 0
github.com/nvidia/kgwe/src/monitoring/prometheus_exporter.go:158.43,158.60 1 0
github.com/nvidia/kgwe/src/monitoring/prometheus_exporter.go:159.43,159.60 1 0
github.com/nvidia/kgwe/src/monitoring/prometheus_exporter.go:160.43,160.69 1 0
github.com/nvidia/kgwe/src/monitoring/prometheus_exporter.go:161.43,161.61 1 0
github.com/nvidia/kgwe/src/monitoring/prometheus_exporter.go:162.43,162.58 1 0
github.com/nvidia/kgwe/src/monitoring/prometheus_exporter.go:173.46,173.63 1 0
github.com/nvidia/kgwe/src/monitoring/prometheus_exporter.go:174.46,174.63 1 0
github.com/nvidia/kgwe/src/monitoring/prometheus_exporter.go:175.46,175.72 1 0
github.com/nvidia/kgwe/src/monitoring/prometheus_exporter.go:176.46,176.65 1 0
github.com/nvidia/kgwe/src/monitoring/prometheus_exporter.go:178.79,180.2 1 0
github.com/nvidia/kgwe/src/monitoring/prometheus_exporter.go:182.53,186.2 3 0
github.com/nvidia/kgwe/src/monitoring/prometheus_exporter.go:195.45,195.62 1 0
github.com/nvidia/kgwe/src/monitoring/prometheus_exporter.go:196.45,196.62 1 0
github.com/nvidia/kgwe/src/monitoring/prometheus_exporter.go:197.45,197.73 1 0
github.com/nvidia/kgwe/src/monitoring/prometheus_exporter.go:198.45,198.63 1 0
github.com/nvidia/kgwe/src/monitoring/prometheus_exporter.go:199.45,199.58 1 0
github.com/nvidia/kgwe/src/monitoring/prometheus_exporter.go:200.45,200.61 1 0
github.com/nvidia/kgwe/src/monitoring/prometheus_exporter.go:211.48,211.65 1 0
github.com/nvidia/kgwe/src/monitoring/prometheus_exporter.go:212.48,212.65 1 0
github.com/nvidia/kgwe/src/monitoring/prometheus_exporter.go:213.48,213.76 1 0
github.com/nvidia/kgwe/src/monitoring/prometheus_exporter.go:214.48,214.67 1 0
github.com/nvidia/kgwe/src/monitoring/prometheus_exporter.go:216.44,220.2 3 0
github.com/nvidia/kgwe/src/monitoring/prometheus_exporter.go:222.55,226.2 3 0
github.com/nvidia/kgwe/src/monitoring/prometheus_exporter.go:239.47,239.64 1 0
github.com/nvidia/kgwe/src/monitoring/prometheus_exporter.go:240.47,240.64 1 0
github.com/nvidia/kgwe/src/monitoring/prometheus_exporter.go:241.47,241.77 1 0
github.com/nvidia/kgwe/src/monitoring/prometheus_exporter.go:242.47,242.66 1 0
github.com/nvidia/kgwe/src/monitoring/prometheus_exporter.go:244.46,249.35 5 0
github.com/nvidia/kgwe/src/monitoring/prometheus_exporter.go:249.35,250.18 1 0
github.com/nvidia/kgwe/src/monitoring/prometheus_exporter.go:250.18,252.4 1 0
github.com/nvidia/kgwe/src/monitoring/prometheus_exporter.go:260.23,269.2 3 0
github.com/nvidia/kgwe/src/monitoring/prometheus_exporter.go:272.44,488.2 1 0
github.com/nvidia/kgwe/src/monitoring/prometheus_exporter.go:491.63,505.12 6 0
github.com/nvidia/kgwe/src/monitoring/prometheus_exporter.go:505.12,508.3 2 0
github.com/nvidia/kgwe/src/monitoring/prometheus_exporter.go:510.2,510.32 1 0
github.com/nvidia/kgwe/src/monitoring/prometheus_exporter.go:514.63,518.6 3 0
github.com/nvidia/kgwe/src/monitoring/prometheus_exporter.go:518.6,519.10 1 0
github.com/nvidia/kgwe/src/monitoring/prometheus_exporter.go:520.19,521.22 1 0
github.com/nvidia/kgwe/src/monitoring/prometheus_exporter.go:522.21,523.10 1 0
github.com/nvidia/kgwe/src/monitoring/prometheus_exporter.go:524.21,525.10 1 0
github.com/nvidia/kgwe/src/monitoring/prometheus_exporter.go:531.47,535.31 3 0
github.com/nvidia/kgwe/src/monitoring/prometheus_exporter.go:535.31,537.3 1 0
github.com/nvidia/kgwe/src/monitoring/prometheus_exporter.go:539.2,540.21 2 0
github.com/nvidia/kgwe/src/monitoring/prometheus_exporter.go:540.21,542.3 1 0
github.com/nvidia/kgwe/src/monitoring/prometheus_exporter.go:545.2,547.45 2 0
github.com/nvidia/kgwe/src/monitoring/prometheus_exporter.go:547.45,548.33 1 0
github.com/nvidia/kgwe/src/monitoring/prometheus_exporter.go:548.33,558.58 8 0
github.com/nvidia/kgwe/src/monitoring/prometheus_exporter.go:558.58,560.5 1 0
github.com/nvidia/kgwe/src/monitoring/prometheus_exporter.go:561.4,567.65 3 0
github.com/nvidia/kgwe/src/monitoring/prometheus_exporter.go:567.65,570.5 2 0
github.com/nvidia/kgwe/src/monitoring/prometheus_exporter.go:573.4,573.53 1 0
github.com/nvidia/kgwe/src/monitoring/prometheus_exporter.go:573.53,574.61 1 0
github.com/nvidia/kgwe/src/monitoring/prometheus_exporter.go:574.61,577.24 3 0
github.com/nvidia/kgwe/src/monitoring/prometheus_exporter.go:577.24,579.7 1 0
github.com/nvidia/kgwe/src/monitoring/prometheus_exporter.go:579.12,581.7 1 0
github.com/nvidia/kgwe/src/monitoring/prometheus_exporter.go:587.3,588.56 2 0
github.com/nvidia/kgwe/src/monitoring/prometheus_exporter.go:593.87,594.25 1 0
github.com/nvidia/kgwe/src/monitoring/prometheus_exporter.go:594.25,596.3 1 0
github.com/nvidia/kgwe/src/monitoring/prometheus_exporter.go:598.2,601.59 2 0
github.com/nvidia/kgwe/src/monitoring/prometheus_exporter.go:601.59,603.3 1 0
github.com/nvidia/kgwe/src/monitoring/prometheus_exporter.go:606.2,607.32 2 0
github.com/nvidia/kgwe/src/monitoring/prometheus_exporter.go:607.32,609.3 1 0
github.com/nvidia/kgwe/src/monitoring/prometheus_exporter.go:610.2,610.21 1 0
github.com/nvidia/kgwe/src/monitoring/prometheus_exporter.go:610.21,612.3 1 0
github.com/nvidia/kgwe/src/monitoring/prometheus_exporter.go:614.2,614.24 1 0
github.com/nvidia/kgwe/src/monitoring/prometheus_exporter.go:618.85,677.2 39 0
github.com/nvidia/kgwe/src/monitoring/prometheus_exporter.go:679.75,683.31 3 0
github.com/nvidia/kgwe/src/monitoring/prometheus_exporter.go:684.15,685.41 1 0
github.com/nvidia/kgwe/src/monitoring/prometheus_exporter.go:686.25,688.41 1 0
github.com/nvidia/kgwe/src/monitoring/prometheus_exporter.go:688.41,689.38 1 0
github.com/nvidia/kgwe/src/monitoring/prometheus_exporter.go:689.38,691.5 1 0
github.com/nvidia/kgwe/src/monitoring/prometheus_exporter.go:692.4,694.55 3 0
github.com/nvidia/kgwe/src/monitoring/prometheus_exporter.go:699.87,706.35 5 0
github.com/nvidia/kgwe/src/monitoring/prometheus_exporter.go:706.35,708.3 1 0
github.com/nvidia/kgwe/src/monitoring/prometheus_exporter.go:711.96,718.35 5 0
github.com/nvidia/kgwe/src/monitoring/prometheus_exporter.go:718.35,720.3 1 0
github.com/nvidia/kgwe/src/monitoring/prometheus_exporter.go:724.84,727.2 2 0
github.com/nvidia/kgwe/src/monitoring/prometheus_exporter.go:730.37,732.2 1 0
github.com/nvidia/kgwe/src/monitoring/prometheus_exporter.go:735.73,739.2 3 0
github.com/nvidia/kgwe/src/monitoring/prometheus_exporter.go:742.68,746.13 4 0
github.com/nvidia/kgwe/src/monitoring/prometheus_exporter.go:746.13,748.3 1 0
github.com/nvidia/kgwe/src/monitoring/prometheus_exporter.go:748.8,750.3 1 0
github.com/nvidia/kgwe/src/monitoring/prometheus_exporter.go:754.107,759.2 4 0
github.com/nvidia/kgwe/src/monitoring/prometheus_exporter.go:762.85,766.2 3 0
github.com/nvidia/kgwe/src/monitoring/prometheus_exporter.go:768.24,769.11 1 0
github.com/nvidia/kgwe/src/monitoring/prometheus_exporter.go:769.11,771.3 1 0
github.com/nvidia/kgwe/src/monitoring/prometheus_exporter.go:772.2,772.10 1 0
github.com/nvidia/kgwe/src/scheduler/extender.go:48.91,54.2 1 0
github.com/nvidia/kgwe/src/scheduler/extender.go:57.66,63.2 5 0
github.com/nvidia/kgwe/src/scheduler/extender.go:66.83,69.62 3 0
github.com/nvidia/kgwe/src/scheduler/extender.go:69.62,72.3 2 0
github.com/nvidia/kgwe/src/scheduler/extender.go:74.2,83.72 6 0
github.com/nvidia/kgwe/src/scheduler/extender.go:87.81,93.29 5 0
github.com/nvidia/kgwe/src/scheduler/extender.go:93.29,99.28 5 0
github.com/nvidia/kgwe/src/scheduler/extender.go:99.28,100.12 1 0
github.com/nvidia/kgwe/src/scheduler/extender.go:102.3,102.46 1 0
github.com/nvidia/kgwe/src/scheduler/extender.go:102.46,103.12 1 0
github.com/nvidia/kgwe/src/scheduler/extender.go:106.3,106.54 1 0
github.com/nvidia/kgwe/src/scheduler/extender.go:106.54,107.54 1 0
github.com/nvidia/kgwe/src/scheduler/extender.go:107.54,109.73 1 0
github.com/nvidia/kgwe/src/scheduler/extender.go:109.73,110.14 1 0
github.com/nvidia/kgwe/src/scheduler/extender.go:114.3,114.36 1 0
github.com/nvidia/kgwe/src/scheduler/extender.go:116.2,116.17 1 0
github.com/nvidia/kgwe/src/scheduler/extender.go:120.87,123.62 3 0
github.com/nvidia/kgwe/src/scheduler/extender.go:123.62,126.3 2 0
github.com/nvidia/kgwe/src/scheduler/extender.go:128.2,134.72 5 0
github.com/nvidia/kgwe/src/scheduler/extender.go:138.105,142.29 3 0
github.com/nvidia/kgwe/src/scheduler/extender.go:142.29,153.54 6 0
github.com/nvidia/kgwe/src/scheduler/extender.go:153.54,154.35 1 0
github.com/nvidia/kgwe/src/scheduler/extender.go:154.35,156.5 1 0
github.com/nvidia/kgwe/src/scheduler/extender.go:156.10,156.30 1 0
github.com/nvidia/kgwe/src/scheduler/extender.go:156.30,158.5 1 0
github.com/nvidia/kgwe/src/scheduler/extender.go:161.3,164.5 1 0
github.com/nvidia/kgwe/src/scheduler/extender.go:167.2,167.41 1 0
github.com/nvidia/kgwe/src/scheduler/extender.go:167.41,169.3 1 0
github.com/nvidia/kgwe/src/scheduler/extender.go:170.2,170.15 1 0
github.com/nvidia/kgwe/src/scheduler/extender.go:174.84,176.62 2 0
github.com/nvidia/kgwe/src/scheduler/extender.go:176.62,179.3 2 0
github.com/nvidia/kgwe/src/scheduler/extender.go:181.2,183.35 3 0
github.com/nvidia/kgwe/src/scheduler/extender.go:189.41,194.17 3 0
github.com/nvidia/kgwe/src/scheduler/extender.go:194.17,196.3 1 0
github.com/nvidia/kgwe/src/scheduler/extender.go:198.2,198.60 1 0
github.com/nvidia/kgwe/src/scheduler/extender.go:198.60,205.52 4 0
github.com/nvidia/kgwe/src/scheduler/extender.go:205.52,208.16 3 0
github.com/nvidia/kgwe/src/scheduler/extender.go:208.16,210.5 1 0
github.com/nvidia/kgwe/src/scheduler/extender.go:211.4,211.18 1 0
github.com/nvidia/kgwe/src/scheduler/extender.go:214.3,214.43 1 0
github.com/nvidia/kgwe/src/scheduler/extender.go:214.43,215.27 1 0
github.com/nvidia/kgwe/src/scheduler/extender.go:215.27,216.10 1 0
github.com/nvidia/kgwe/src/scheduler/extender.go:218.4,218.82 1 0
github.com/nvidia/kgwe/src/scheduler/extender.go:218.82,220.17 2 0
github.com/nvidia/kgwe/src/scheduler/extender.go:220.17,223.6 2 0
github.com/nvidia/kgwe/src/scheduler/extender.go:227.3,227.26 1 0
github.com/nvidia/kgwe/src/scheduler/extender.go:227.26,229.40 2 0
github.com/nvidia/kgwe/src/scheduler/extender.go:229.40,231.5 1 0
github.com/nvidia/kgwe/src/scheduler/extender.go:232.4,234.5 1 0
github.com/nvidia/kgwe/src/scheduler/extender.go:238.2,238.15 1 0
github.com/nvidia/kgwe/src/scheduler/extender.go:242.81,244.62 2 0
github.com/nvidia/kgwe/src/scheduler/extender.go:244.62,247.3 2 0
github.com/nvidia/kgwe/src/scheduler/extender.go:250.2,250.88 1 0
github.com/nvidia/kgwe/src/scheduler/extender.go:250.88,253.3 2 0
github.com/nvidia/kgwe/src/scheduler/extender.go:255.2,257.35 3 0
github.com/nvidia/kgwe/src/scheduler/extender.go:261.93,271.25 3 0
github.com/nvidia/kgwe/src/scheduler/extender.go:271.25,274.3 2 0
github.com/nvidia/kgwe/src/scheduler/extender.go:276.2,277.12 2 0
github.com/nvidia/kgwe/src/scheduler/extender.go:281.84,284.2 2 0
github.com/nvidia/kgwe/src/scheduler/extender.go:288.41,290.40 2 0
github.com/nvidia/kgwe/src/scheduler/extender.go:290.40,291.58 1 0
github.com/nvidia/kgwe/src/scheduler/extender.go:291.58,293.4 1 0
github.com/nvidia/kgwe/src/scheduler/extender.go:294.3,294.55 1 0
github.com/nvidia/kgwe/src/scheduler/extender.go:294.55,296.4 1 0
github.com/nvidia/kgwe/src/scheduler/extender.go:298.2,298.14 1 0
github.com/nvidia/kgwe/src/scheduler/extender.go:301.47,302.68 1 0
github.com/nvidia/kgwe/src/scheduler/extender.go:302.68,306.3 3 0
github.com/nvidia/kgwe/src/scheduler/extender.go:307.2,307.10 1 0
github.com/nvidia/kgwe/src/scheduler/extender.go:310.51,311.74 1 0
github.com/nvidia/kgwe/src/scheduler/extender.go:311.74,313.3 1 0
github.com/nvidia/kgwe/src/scheduler/extender.go:314.2,314.15 1 0
github.com/nvidia/kgwe/src/scheduler/extender.go:317.38,318.66 1 0
github.com/nvidia/kgwe/src/scheduler/extender.go:318.66,320.3 1 0
github.com/nvidia/kgwe/src/scheduler/extender.go:321.2,321.13 1 0
github.com/nvidia/kgwe/src/scheduler/extender.go:324.40,325.30 1 0
github.com/nvidia/kgwe/src/scheduler/extender.go:325.30,327.3 1 0
github.com/nvidia/kgwe/src/scheduler/extender.go:328.2,328.10 1 0
github.com/nvidia/kgwe/src/scheduler/scheduler.go:101.27,111.2 1 0
github.com/nvidia/kgwe/src/scheduler/scheduler.go:114.116,116.15 2 0
github.com/nvidia/kgwe/src/scheduler/scheduler.go:116.15,119.3 2 0
github.com/nvidia/kgwe/src/scheduler/scheduler.go:122.2,123.21 2 0
github.com/nvidia/kgwe/src/scheduler/scheduler.go:123.21,125.3 1 0
github.com/nvidia/kgwe/src/scheduler/scheduler.go:128.2,129.24 2 0
github.com/nvidia/kgwe/src/scheduler/scheduler.go:129.24,131.17 2 0
github.com/nvidia/kgwe/src/scheduler/scheduler.go:131.17,133.4 1 0
github.com/nvidia/kgwe/src/scheduler/scheduler.go:137.2,138.26 2 0
github.com/nvidia/kgwe/src/scheduler/scheduler.go:138.26,141.3 2 0
github.com/nvidia/kgwe/src/scheduler/scheduler.go:144.2,144.45 1 0
github.com/nvidia/kgwe/src/scheduler/scheduler.go:144.45,146.3 1 0
github.com/nvidia/kgwe/src/scheduler/scheduler.go:149.2,149.39 1 0
github.com/nvidia/kgwe/src/scheduler/scheduler.go:149.39,151.17 2 0
github.com/nvidia/kgwe/src/scheduler/scheduler.go:151.17,154.37 3 0
github.com/nvidia/kgwe/src/scheduler/scheduler.go:154.37,156.5 1 0
github.com/nvidia/kgwe/src/scheduler/scheduler.go:158.4,165.24 2 0
github.com/nvidia/kgwe/src/scheduler/scheduler.go:170.2,170.56 1 0
github.com/nvidia/kgwe/src/scheduler/scheduler.go:170.56,172.17 2 0
github.com/nvidia/kgwe/src/scheduler/scheduler.go:172.17,174.4 1 0
github.com/nvidia/kgwe/src/scheduler/scheduler.go:177.2,178.96 2 0
github.com/nvidia/kgwe/src/scheduler/scheduler.go:186.15,189.45 2 0
github.com/nvidia/kgwe/src/scheduler/scheduler.go:189.45,191.40 1 0
github.com/nvidia/kgwe/src/scheduler/scheduler.go:191.40,192.12 1 0
github.com/nvidia/kgwe/src/scheduler/scheduler.go:195.3,196.27 2 0
github.com/nvidia/kgwe/src/scheduler/scheduler.go:196.27,199.4 2 0
github.com/nvidia/kgwe/src/scheduler/scheduler.go:202.2,202.15 1 0
github.com/nvidia/kgwe/src/scheduler/scheduler.go:206.107,208.48 1 0
github.com/nvidia/kgwe/src/scheduler/scheduler.go:208.49,210.3 0 0
github.com/nvidia/kgwe/src/scheduler/scheduler.go:213.2,214.57 2 0
github.com/nvidia/kgwe/src/scheduler/scheduler.go:214.57,216.3 1 0
github.com/nvidia/kgwe/src/scheduler/scheduler.go:219.2,219.49 1 0
github.com/nvidia/kgwe/src/scheduler/scheduler.go:219.49,221.37 2 0
github.com/nvidia/kgwe/src/scheduler/scheduler.go:221.37,222.65 1 0
github.com/nvidia/kgwe/src/scheduler/scheduler.go:222.65,224.10 2 0
github.com/nvidia/kgwe/src/scheduler/scheduler.go:227.3,227.15 1 0
github.com/nvidia/kgwe/src/scheduler/scheduler.go:227.15,229.4 1 0
github.com/nvidia/kgwe/src/scheduler/scheduler.go:233.2,233.50 1 0
github.com/nvidia/kgwe/src/scheduler/scheduler.go:233.50,235.65 2 0
github.com/nvidia/kgwe/src/scheduler/scheduler.go:235.65,237.4 1 0
github.com/nvidia/kgwe/src/scheduler/scheduler.go:240.2,240.13 1 0
github.com/nvidia/kgwe/src/scheduler/scheduler.go:248.13,271.17 11 0
github.com/nvidia/kgwe/src/scheduler/scheduler.go:271.17,272.53 1 0
github.com/nvidia/kgwe/src/scheduler/scheduler.go:272.53,273.38 1 0
github.com/nvidia/kgwe/src/scheduler/scheduler.go:273.38,276.10 3 0
github.com/nvidia/kgwe/src/scheduler/scheduler.go:282.2,289.31 3 0
github.com/nvidia/kgwe/src/scheduler/scheduler.go:289.31,291.3 1 0
github.com/nvidia/kgwe/src/scheduler/scheduler.go:292.2,292.31 1 0
github.com/nvidia/kgwe/src/scheduler/scheduler.go:292.31,294.3 1 0
github.com/nvidia/kgwe/src/scheduler/scheduler.go:295.2,295.30 1 0
github.com/nvidia/kgwe/src/scheduler/scheduler.go:295.30,297.3 1 0
github.com/nvidia/kgwe/src/scheduler/scheduler.go:299.2,299.14 1 0
github.com/nvidia/kgwe/src/scheduler/scheduler.go:307.19,309.19 2 0
github.com/nvidia/kgwe/src/scheduler/scheduler.go:309.19,311.29 1 0
github.com/nvidia/kgwe/src/scheduler/scheduler.go:311.29,313.4 1 0
github.com/nvidia/kgwe/src/scheduler/scheduler.go:314.3,314.16 1 0
github.com/nvidia/kgwe/src/scheduler/scheduler.go:318.2,318.50 1 0
github.com/nvidia/kgwe/src/scheduler/scheduler.go:319.73,320.62 1 0
github.com/nvidia/kgwe/src/scheduler/scheduler.go:321.34,322.60 1 0
github.com/nvidia/kgwe/src/scheduler/scheduler.go:323.40,324.60 1 0
github.com/nvidia/kgwe/src/scheduler/scheduler.go:325.10,328.59 2 0
github.com/nvidia/kgwe/src/scheduler/scheduler.go:328.59,330.4 1 0
github.com/nvidia/kgwe/src/scheduler/scheduler.go:331.3,331.18 1 0
github.com/nvidia/kgwe/src/scheduler/scheduler.go:340.19,341.35 1 0
github.com/nvidia/kgwe/src/scheduler/scheduler.go:341.35,343.3 1 0
github.com/nvidia/kgwe/src/scheduler/scheduler.go:346.2,347.36 2 0
github.com/nvidia/kgwe/src/scheduler/scheduler.go:347.36,349.62 2 0
github.com/nvidia/kgwe/src/scheduler/scheduler.go:349.62,350.21 1 0
github.com/nvidia/kgwe/src/scheduler/scheduler.go:350.21,352.5 1 0
github.com/nvidia/kgwe/src/scheduler/scheduler.go:357.2,358.31 2 0
github.com/nvidia/kgwe/src/scheduler/scheduler.go:358.31,361.59 2 0
github.com/nvidia/kgwe/src/scheduler/scheduler.go:361.59,363.4 1 0
github.com/nvidia/kgwe/src/scheduler/scheduler.go:364.3,364.18 1 0
github.com/nvidia/kgwe/src/scheduler/scheduler.go:368.2,372.25 4 0
github.com/nvidia/kgwe/src/scheduler/scheduler.go:380.23,381.41 1 0
github.com/nvidia/kgwe/src/scheduler/scheduler.go:381.41,383.3 1 0
github.com/nvidia/kgwe/src/scheduler/scheduler.go:385.2,389.41 3 0
github.com/nvidia/kgwe/src/scheduler/scheduler.go:389.41,394.25 3 0
github.com/nvidia/kgwe/src/scheduler/scheduler.go:394.25,398.44 3 0
github.com/nvidia/kgwe/src/scheduler/scheduler.go:398.44,399.40 1 0
github.com/nvidia/kgwe/src/scheduler/scheduler.go:399.40,400.14 1 0
github.com/nvidia/kgwe/src/scheduler/scheduler.go:404.5,406.34 3 0
github.com/nvidia/kgwe/src/scheduler/scheduler.go:406.34,407.53 1 0
github.com/nvidia/kgwe/src/scheduler/scheduler.go:407.53,409.7 1 0
github.com/nvidia/kgwe/src/scheduler/scheduler.go:409.12,411.7 1 0
github.com/nvidia/kgwe/src/scheduler/scheduler.go:414.5,414.50 1 0
github.com/nvidia/kgwe/src/scheduler/scheduler.go:414.50,417.6 2 0
github.com/nvidia/kgwe/src/scheduler/scheduler.go:420.4,420.27 1 0
github.com/nvidia/kgwe/src/scheduler/scheduler.go:420.27,421.10 1 0
github.com/nvidia/kgwe/src/scheduler/scheduler.go:424.4,425.37 2 0
github.com/nvidia/kgwe/src/scheduler/scheduler.go:428.3,428.59 1 0
github.com/nvidia/kgwe/src/scheduler/scheduler.go:428.59,431.4 2 0
github.com/nvidia/kgwe/src/scheduler/scheduler.go:434.2,434.33 1 0
github.com/nvidia/kgwe/src/scheduler/scheduler.go:442.19,445.36 2 0
github.com/nvidia/kgwe/src/scheduler/scheduler.go:445.36,447.3 1 0
github.com/nvidia/kgwe/src/scheduler/scheduler.go:450.2,450.34 1 0
github.com/nvidia/kgwe/src/scheduler/scheduler.go:450.34,451.28 1 0
github.com/nvidia/kgwe/src/scheduler/scheduler.go:451.28,453.34 2 0
github.com/nvidia/kgwe/src/scheduler/scheduler.go:453.34,455.5 1 0
github.com/nvidia/kgwe/src/scheduler/scheduler.go:456.4,456.23 1 0
github.com/nvidia/kgwe/src/scheduler/scheduler.go:461.2,462.34 2 0
github.com/nvidia/kgwe/src/scheduler/scheduler.go:462.34,463.28 1 0
github.com/nvidia/kgwe/src/scheduler/scheduler.go:463.28,465.33 2 0
github.com/nvidia/kgwe/src/scheduler/scheduler.go:465.33,467.5 1 0
github.com/nvidia/kgwe/src/scheduler/scheduler.go:471.2,471.15 1 0
github.com/nvidia/kgwe/src/scheduler/scheduler.go:479.19,482.36 2 0
github.com/nvidia/kgwe/src/scheduler/scheduler.go:482.36,484.21 2 0
github.com/nvidia/kgwe/src/scheduler/scheduler.go:484.21,486.4 1 0
github.com/nvidia/kgwe/src/scheduler/scheduler.go:487.3,487.63 1 0
github.com/nvidia/kgwe/src/scheduler/scheduler.go:491.2,491.36 1 0
github.com/nvidia/kgwe/src/scheduler/scheduler.go:491.36,492.28 1 0
github.com/nvidia/kgwe/src/scheduler/scheduler.go:492.28,494.34 2 0
github.com/nvidia/kgwe/src/scheduler/scheduler.go:494.34,496.5 1 0
github.com/nvidia/kgwe/src/scheduler/scheduler.go:497.4,497.23 1 0
github.com/nvidia/kgwe/src/scheduler/scheduler.go:502.2,503.36 2 0
github.com/nvidia/kgwe/src/scheduler/scheduler.go:503.36,504.28 1 0
github.com/nvidia/kgwe/src/scheduler/scheduler.go:504.28,506.33 2 0
github.com/nvidia/kgwe/src/scheduler/scheduler.go:506.33,508.5 1 0
github.com/nvidia/kgwe/src/scheduler/scheduler.go:512.2,512.15 1 0
github.com/nvidia/kgwe/src/scheduler/scheduler.go:520.7,521.29 1 0
github.com/nvidia/kgwe/src/scheduler/scheduler.go:521.29,523.3 1 0
github.com/nvidia/kgwe/src/scheduler/scheduler.go:525.2,529.36 3 0
github.com/nvidia/kgwe/src/scheduler/scheduler.go:529.36,531.3 1 0
github.com/nvidia/kgwe/src/scheduler/scheduler.go:532.2,533.41 2 0
github.com/nvidia/kgwe/src/scheduler/scheduler.go:533.41,535.3 1 0
github.com/nvidia/kgwe/src/scheduler/scheduler.go:535.8,535.46 1 0
github.com/nvidia/kgwe/src/scheduler/scheduler.go:535.46,537.3 1 0
github.com/nvidia/kgwe/src/scheduler/scheduler.go:540.2,541.36 2 0
github.com/nvidia/kgwe/src/scheduler/scheduler.go:541.36,543.3 1 0
github.com/nvidia/kgwe/src/scheduler/scheduler.go:544.2,546.25 2 0
github.com/nvidia/kgwe/src/scheduler/scheduler.go:546.25,548.3 1 0
github.com/nvidia/kgwe/src/scheduler/scheduler.go:548.8,548.32 1 0
github.com/nvidia/kgwe/src/scheduler/scheduler.go:548.32,550.3 1 0
github.com/nvidia/kgwe/src/scheduler/scheduler.go:552.2,552.27 1 0
github.com/nvidia/kgwe/src/scheduler/scheduler.go:556.90,562.38 4 0
github.com/nvidia/kgwe/src/scheduler/scheduler.go:562.38,563.38 1 0
github.com/nvidia/kgwe/src/scheduler/scheduler.go:563.38,565.4 1 0
github.com/nvidia/kgwe/src/scheduler/scheduler.go:569.2,570.20 2 0
github.com/nvidia/kgwe/src/scheduler/scheduler.go:570.20,572.3 1 0
github.com/nvidia/kgwe/src/scheduler/scheduler.go:574.2,577.25 3 0
github.com/nvidia/kgwe/src/scheduler/scheduler.go:581.104,587.38 4 0
github.com/nvidia/kgwe/src/scheduler/scheduler.go:587.38,588.38 1 0
github.com/nvidia/kgwe/src/scheduler/scheduler.go:588.38,589.40 1 0
github.com/nvidia/kgwe/src/scheduler/scheduler.go:589.40,591.5 1 0
github.com/nvidia/kgwe/src/scheduler/scheduler.go:595.2,596.32 2 0
github.com/nvidia/kgwe/src/scheduler/scheduler.go:596.32,597.85 1 0
github.com/nvidia/kgwe/src/scheduler/scheduler.go:597.85,599.4 1 0
github.com/nvidia/kgwe/src/scheduler/scheduler.go:602.2,602.18 1 0
github.com/nvidia/kgwe/src/scheduler/scheduler.go:609.7,611.32 2 0
github.com/nvidia/kgwe/src/scheduler/scheduler.go:611.32,612.53 1 0
github.com/nvidia/kgwe/src/scheduler/scheduler.go:612.53,613.12 1 0
github.com/nvidia/kgwe/src/scheduler/scheduler.go:615.3,615.59 1 0
github.com/nvidia/kgwe/src/scheduler/scheduler.go:615.59,616.63 1 0
github.com/nvidia/kgwe/src/scheduler/scheduler.go:616.63,618.5 1 0
github.com/nvidia/kgwe/src/scheduler/scheduler.go:621.2,621.14 1 0
github.com/nvidia/kgwe/src/scheduler/scheduler.go:629.32,634.46 3 0
github.com/nvidia/kgwe/src/scheduler/scheduler.go:634.46,635.39 1 0
github.com/nvidia/kgwe/src/scheduler/scheduler.go:635.39,636.38 1 0
github.com/nvidia/kgwe/src/scheduler/scheduler.go:636.38,638.5 1 0
github.com/nvidia/kgwe/src/scheduler/scheduler.go:642.2,652.22 2 0
github.com/nvidia/kgwe/src/scheduler/scheduler.go:656.77,657.34 1 0
github.com/nvidia/kgwe/src/scheduler/scheduler.go:657.34,659.3 1 0
github.com/nvidia/kgwe/src/scheduler/scheduler.go:662.2,663.9 2 0
github.com/nvidia/kgwe/src/scheduler/scheduler.go:663.9,665.3 1 0
github.com/nvidia/kgwe/src/scheduler/scheduler.go:667.2,670.43 3 0
github.com/nvidia/kgwe/src/scheduler/scheduler.go:670.43,671.44 1 0
github.com/nvidia/kgwe/src/scheduler/scheduler.go:671.44,672.14 1 0
github.com/nvidia/kgwe/src/scheduler/scheduler.go:672.14,673.13 1 0
github.com/nvidia/kgwe/src/scheduler/scheduler.go:675.4,675.42 1 0
github.com/nvidia/kgwe/src/scheduler/scheduler.go:675.42,676.26 1 0
github.com/nvidia/kgwe/src/scheduler/scheduler.go:676.26,677.65 1 0
github.com/nvidia/kgwe/src/scheduler/scheduler.go:677.65,679.7 1 0
github.com/nvidia/kgwe/src/scheduler/scheduler.go:679.12,681.7 1 0
github.com/nvidia/kgwe/src/scheduler/scheduler.go:682.6,682.13 1 0
github.com/nvidia/kgwe/src/scheduler/scheduler.go:688.2,688.16 1 0
github.com/nvidia/kgwe/src/scheduler/scheduler.go:688.16,690.3 1 0
github.com/nvidia/kgwe/src/scheduler/scheduler.go:691.2,691.40 1 0
github.com/nvidia/kgwe/src/scheduler/scheduler.go:695.104,707.2 3 0
github.com/nvidia/kgwe/src/scheduler/scheduler.go:710.78,714.46 3 0
github.com/nvidia/kgwe/src/scheduler/scheduler.go:714.46,716.3 1 0
github.com/nvidia/kgwe/src/scheduler/scheduler.go:718.2,726.12 3 0
github.com/nvidia/kgwe/src/scheduler/scheduler.go:734.32,736.26 2 0
github.com/nvidia/kgwe/src/scheduler/scheduler.go:736.26,738.3 1 0
github.com/nvidia/kgwe/src/scheduler/scheduler.go:741.2,741.45 1 0
github.com/nvidia/kgwe/src/scheduler/scheduler.go:741.45,743.3 1 0
github.com/nvidia/kgwe/src/scheduler/scheduler.go:746.2,759.34 5 0
github.com/nvidia/kgwe/src/scheduler/scheduler.go:766.25,772.40 4 0
github.com/nvidia/kgwe/src/scheduler/scheduler.go:772.40,775.49 1 0
github.com/nvidia/kgwe/src/scheduler/scheduler.go:775.49,786.4 2 0
github.com/nvidia/kgwe/src/scheduler/scheduler.go:789.2,789.19 1 0
github.com/nvidia/kgwe/src/scheduler/scheduler.go:793.64,797.2 3 0
github.com/nvidia/kgwe/src/scheduler/scheduler.go:800.66,802.2 1 0
github.com/nvidia/kgwe/src/scheduler/scheduler.go:805.74,811.16 4 0
github.com/nvidia/kgwe/src/scheduler/scheduler.go:811.16,813.3 1 0
github.com/nvidia/kgwe/src/scheduler/scheduler.go:813.8,815.3 1 0
github.com/nvidia/kgwe/src/scheduler/scheduler.go:818.2,818.70 1 0
github.com/nvidia/kgwe/src/scheduler/scheduler.go:822.49,823.26 1 0
github.com/nvidia/kgwe/src/scheduler/scheduler.go:823.26,824.16 1 0
github.com/nvidia/kgwe/src/scheduler/scheduler.go:824.16,826.4 1 0
github.com/nvidia/kgwe/src/scheduler/scheduler.go:828.2,828.14 1 0
github.com/nvidia/kgwe/src/scheduler/scheduler.go:831.27,832.11 1 0
github.com/nvidia/kgwe/src/scheduler/scheduler.go:832.11,834.3 1 0
github.com/nvidia/kgwe/src/scheduler/scheduler.go:835.2,835.10 1 0
github.com/nvidia/kgwe/src/scheduler/scheduler.go:838.27,839.11 1 0
github.com/nvidia/kgwe/src/scheduler/scheduler.go:839.11,841.3 1 0
github.com/nvidia/kgwe/src/scheduler/scheduler.go:842.2,842.10 1 0
github.com/nvidia/kgwe/src/scheduler/types.go:379.47,392.2 1 0
github.com/nvidia/kgwe/src/sharing/mig_controller.go:60.55,69.2 1 0
github.com/nvidia/kgwe/src/sharing/mig_controller.go:232.99,241.2 1 0
github.com/nvidia/kgwe/src/sharing/mig_controller.go:244.71,249.53 3 0
github.com/nvidia/kgwe/src/sharing/mig_controller.go:249.53,251.3 1 0
github.com/nvidia/kgwe/src/sharing/mig_controller.go:253.2,254.12 2 0
github.com/nvidia/kgwe/src/sharing/mig_controller.go:258.71,259.25 1 0
github.com/nvidia/kgwe/src/sharing/mig_controller.go:259.25,261.3 1 0
github.com/nvidia/kgwe/src/sharing/mig_controller.go:264.2,265.51 2 0
github.com/nvidia/kgwe/src/sharing/mig_controller.go:265.51,267.3 1 0
github.com/nvidia/kgwe/src/sharing/mig_controller.go:268.2,268.18 1 0
github.com/nvidia/kgwe/src/sharing/mig_controller.go:268.18,270.3 1 0
github.com/nvidia/kgwe/src/sharing/mig_controller.go:273.2,286.52 2 0
github.com/nvidia/kgwe/src/sharing/mig_controller.go:286.52,287.30 1 0
github.com/nvidia/kgwe/src/sharing/mig_controller.go:287.30,289.4 1 0
github.com/nvidia/kgwe/src/sharing/mig_controller.go:292.2,292.12 1 0
github.com/nvidia/kgwe/src/sharing/mig_controller.go:301.27,307.16 4 0
github.com/nvidia/kgwe/src/sharing/mig_controller.go:307.16,310.17 2 0
github.com/nvidia/kgwe/src/sharing/mig_controller.go:310.17,312.4 1 0
github.com/nvidia/kgwe/src/sharing/mig_controller.go:316.2,336.24 4 0
github.com/nvidia/kgwe/src/sharing/mig_controller.go:343.51,348.2 1 0
github.com/nvidia/kgwe/src/sharing/mig_controller.go:355.51,358.16 2 0
github.com/nvidia/kgwe/src/sharing/mig_controller.go:358.16,360.3 1 0
github.com/nvidia/kgwe/src/sharing/mig_controller.go:363.2,364.16 2 0
github.com/nvidia/kgwe/src/sharing/mig_controller.go:364.16,366.3 1 0
github.com/nvidia/kgwe/src/sharing/mig_controller.go:369.2,382.16 5 0
github.com/nvidia/kgwe/src/sharing/mig_controller.go:382.16,388.3 5 0
github.com/nvidia/kgwe/src/sharing/mig_controller.go:391.2,403.41 5 0
github.com/nvidia/kgwe/src/sharing/mig_controller.go:410.27,415.2 1 0
github.com/nvidia/kgwe/src/sharing/mig_controller.go:418.86,427.36 2 0
github.com/nvidia/kgwe/src/sharing/mig_controller.go:427.36,429.3 1 0
github.com/nvidia/kgwe/src/sharing/mig_controller.go:430.2,430.75 1 0
github.com/nvidia/kgwe/src/sharing/mig_controller.go:434.73,439.9 4 0
github.com/nvidia/kgwe/src/sharing/mig_controller.go:439.9,441.3 1 0
github.com/nvidia/kgwe/src/sharing/mig_controller.go:443.2,456.12 3 0
github.com/nvidia/kgwe/src/sharing/mig_controller.go:460.83,465.2 4 0
github.com/nvidia/kgwe/src/sharing/mig_controller.go:468.60,473.38 4 0
github.com/nvidia/kgwe/src/sharing/mig_controller.go:473.38,475.3 1 0
github.com/nvidia/kgwe/src/sharing/mig_controller.go:476.2,476.15 1 0
github.com/nvidia/kgwe/src/sharing/mig_controller.go:480.62,491.38 5 0
github.com/nvidia/kgwe/src/sharing/mig_controller.go:491.38,493.3 1 0
github.com/nvidia/kgwe/src/sharing/mig_controller.go:496.2,496.40 1 0
github.com/nvidia/kgwe/src/sharing/mig_controller.go:496.40,497.37 1 0
github.com/nvidia/kgwe/src/sharing/mig_controller.go:497.37,498.12 1 0
github.com/nvidia/kgwe/src/sharing/mig_controller.go:506.2,511.12 2 0
github.com/nvidia/kgwe/src/sharing/mig_controller.go:515.50,517.2 1 0
github.com/nvidia/kgwe/src/sharing/mig_controller.go:520.49,529.38 4 0
github.com/nvidia/kgwe/src/sharing/mig_controller.go:529.38,531.3 1 0
github.com/nvidia/kgwe/src/sharing/mig_controller.go:533.2,533.16 1 0
github.com/nvidia/kgwe/src/sharing/mig_controller.go:574.55,581.2 1 0
github.com/nvidia/kgwe/src/sharing/mig_controller.go:605.66,611.2 1 0
github.com/nvidia/kgwe/src/sharing/mig_controller.go:614.101,619.61 4 0
github.com/nvidia/kgwe/src/sharing/mig_controller.go:619.61,621.3 1 0
github.com/nvidia/kgwe/src/sharing/mig_controller.go:625.2,632.12 2 0
github.com/nvidia/kgwe/src/sharing/mig_controller.go:643.27,650.28 5 0
github.com/nvidia/kgwe/src/sharing/mig_controller.go:650.28,652.3 1 0
github.com/nvidia/kgwe/src/sharing/mig_controller.go:655.2,655.53 1 0
github.com/nvidia/kgwe/src/sharing/mig_controller.go:655.53,657.3 1 0
github.com/nvidia/kgwe/src/sharing/mig_controller.go:660.2,660.27 1 0
github.com/nvidia/kgwe/src/sharing/mig_controller.go:660.27,662.3 1 0
github.com/nvidia/kgwe/src/sharing/mig_controller.go:664.2,677.24 4 0
github.com/nvidia/kgwe/src/sharing/mig_controller.go:681.69,686.9 4 0
github.com/nvidia/kgwe/src/sharing/mig_controller.go:686.9,688.3 1 0
github.com/nvidia/kgwe/src/sharing/mig_controller.go:690.2,691.43 2 0
github.com/nvidia/kgwe/src/sharing/mig_controller.go:691.43,693.3 1 0
github.com/nvidia/kgwe/src/sharing/mig_controller.go:695.2,696.12 2 0
github.com/nvidia/kgwe/src/sharing/mig_controller.go:738.22,744.2 1 0
github.com/nvidia/kgwe/src/sharing/mig_controller.go:752.34,756.16 2 0
github.com/nvidia/kgwe/src/sharing/mig_controller.go:757.24,764.17 2 0
github.com/nvidia/kgwe/src/sharing/mig_controller.go:764.17,766.4 1 0
github.com/nvidia/kgwe/src/sharing/mig_controller.go:767.3,770.9 1 0
github.com/nvidia/kgwe/src/sharing/mig_controller.go:772.24,781.17 2 0
github.com/nvidia/kgwe/src/sharing/mig_controller.go:781.17,783.4 1 0
github.com/nvidia/kgwe/src/sharing/mig_controller.go:784.3,787.9 1 0
github.com/nvidia/kgwe/src/sharing/mig_controller.go:789.10,790.67 1 0
github.com/nvidia/kgwe/src/sharing/mig_controller.go:798.17,800.72 1 0
github.com/nvidia/kgwe/src/sharing/mig_controller.go:800.72,802.3 1 0
github.com/nvidia/kgwe/src/sharing/mig_controller.go:805.2,805.35 1 0
github.com/nvidia/kgwe/src/sharing/mig_controller.go:805.35,807.3 1 0
github.com/nvidia/kgwe/src/sharing/mig_controller.go:809.2,809.73 1 0
github.com/nvidia/kgwe/src/sharing/mig_controller.go:809.73,811.3 1 0
github.com/nvidia/kgwe/src/sharing/mig_controller.go:813.2,813.25 1 0
github.com/nvidia/kgwe/src/sharing/mig_controller.go:845.74,846.18 1 0
github.com/nvidia/kgwe/src/sharing/mig_controller.go:847.24,848.29 1 0
github.com/nvidia/kgwe/src/sharing/mig_controller.go:848.29,850.4 1 0
github.com/nvidia/kgwe/src/sharing/mig_controller.go:851.24,852.29 1 0
github.com/nvidia/kgwe/src/sharing/mig_controller.go:852.29,854.4 1 0
github.com/nvidia/kgwe/src/sharing/mig_controller.go:856.2,856.12 1 0
